2025-05-04 14:56:15,323 - ERROR - Échec de l'enregistrement des données pour '': unsupported operand type(s) for +=: 'int' and 'NoneType'
2025-05-04 14:56:22,847 - ERROR - Échec de l'enregistrement des données pour '': unsupported operand type(s) for +=: 'int' and 'NoneType'
2025-05-04 14:56:27,742 - ERROR - Échec de l'enregistrement des données pour '': unsupported operand type(s) for +=: 'int' and 'NoneType'
2025-05-04 14:57:08,294 - INFO - (?),libre pas gratuit est bien ajouté
2025-05-04 14:57:08,786 - INFO - (?),le contrôle collectif est bien ajouté
2025-05-04 14:57:09,096 - INFO - (?),le pouvoir injuste est bien ajouté
2025-05-04 14:57:09,562 - INFO - (?),il s’agit de logiciels non libres et propriétaires dont nous devons nous débarrasser est bien ajouté
2025-05-04 14:57:09,864 - INFO - (?),empêcher est bien ajouté
2025-05-04 14:57:10,181 - INFO - (?),nuisible est bien ajouté
2025-05-04 14:57:10,715 - INFO - (?),obliger est bien ajouté
2025-05-04 14:57:11,609 - INFO - (?),ma curiosité est bien ajouté
2025-05-04 14:57:12,101 - INFO - (?),en menaçant est bien ajouté
2025-05-04 14:57:12,460 - INFO - (?),la porte dérobée universelle est bien ajouté
2025-05-04 14:57:13,092 - INFO - (?),saboter est bien ajouté
2025-05-04 14:57:13,520 - INFO - (?),son frisson est bien ajouté
2025-05-04 14:57:13,888 - INFO - (?),une interprétation est bien ajouté
2025-05-04 14:57:14,438 - INFO - (?),un paquet de pop-corn est bien ajouté
2025-05-04 14:57:15,273 - INFO - (?),le sabotage est bien ajouté
2025-05-04 14:57:15,557 - INFO - (?),détacher est bien ajouté
2025-05-04 14:57:16,268 - INFO - (?),épingler est bien ajouté
2025-05-04 14:57:16,653 - INFO - (?),un aumônier est bien ajouté
2025-05-04 14:57:17,278 - INFO - (?),les bénévoles est bien ajouté
2025-05-04 14:57:17,996 - INFO - (?),l’enthousiasme est bien ajouté
2025-05-04 14:57:18,346 - INFO - (?),dispersée est bien ajouté
2025-05-04 14:57:19,471 - INFO - (?),la douceur est bien ajouté
2025-05-04 14:57:19,881 - INFO - (?),intensifier est bien ajouté
2025-05-04 14:57:20,207 - INFO - (?),les échanges enrichissants est bien ajouté
2025-05-04 14:57:20,558 - INFO - (?),les nouveaux et les habitués est bien ajouté
2025-05-04 14:57:20,942 - INFO - (?),s’épanouir est bien ajouté
2025-05-04 14:57:21,178 - INFO - (?),néanmoins est bien ajouté
2025-05-04 14:57:21,679 - INFO - (?),je tiens à assurer est bien ajouté
2025-05-04 14:57:22,321 - INFO - (?),je ne me repose pas sur mes lauriers est bien ajouté
2025-05-04 14:57:22,746 - INFO - (?),un marguillier est bien ajouté
2025-05-04 14:57:23,348 - INFO - (?),une marguillière est bien ajouté
2025-05-04 14:57:23,932 - INFO - (?),essayer de nouveau dans quelques instants est bien ajouté
2025-05-04 14:57:24,768 - INFO - (?),entamer est bien ajouté
2025-05-04 14:57:25,399 - INFO - (?),Nous entamons l'année 2025 avec espoir et confiance en Dieu. est bien ajouté
2025-05-04 14:57:26,126 - INFO - (?),étendre la fonctionnalité est bien ajouté
2025-05-04 14:57:26,544 - INFO - (?),éteindre l’ordinateur est bien ajouté
2025-05-04 14:57:26,971 - INFO - (?),indéfectible est bien ajouté
2025-05-04 14:57:27,696 - INFO - (?),se concrétiser est bien ajouté
2025-05-04 14:57:27,964 - INFO - (?),pleinement est bien ajouté
2025-05-04 14:57:28,339 - INFO - (?),surchargé est bien ajouté
2025-05-04 14:57:29,473 - INFO - (?),au cours de l’année écoulée est bien ajouté
2025-05-04 14:57:29,782 - INFO - (?),en regardant l’année écoulée est bien ajouté
2025-05-04 14:57:30,093 - INFO - (?),passer du temps est bien ajouté
2025-05-04 14:57:30,434 - INFO - (?),une cabine est bien ajouté
2025-05-04 14:57:30,776 - INFO - (?),repasser est bien ajouté
2025-05-04 14:57:31,144 - INFO - (?),n’hésiter pas est bien ajouté
2025-05-04 14:57:31,529 - INFO - (?),l’infirmerie est bien ajouté
2025-05-04 14:57:32,530 - INFO - (?),accompagner est bien ajouté
2025-05-04 14:57:33,157 - INFO - (?),un malaise est bien ajouté
2025-05-04 14:57:33,523 - INFO - (?),ça me gêne est bien ajouté
2025-05-04 14:57:33,883 - INFO - (?),un bisou est bien ajouté
2025-05-04 14:57:34,333 - INFO - (?),une erreur est survenue lors de la lecture de la vidéo est bien ajouté
2025-05-04 14:57:34,833 - INFO - (?),à tout à l’heure est bien ajouté
2025-05-04 14:57:35,386 - INFO - (?),de quel fruit s’agit-il est bien ajouté
2025-05-04 14:57:35,877 - INFO - (?),tiens est bien ajouté
2025-05-04 14:57:36,299 - INFO - (?),Le Troc et Puces est bien ajouté
2025-05-04 14:57:36,689 - INFO - (?),ça sert à quoi est bien ajouté
2025-05-04 14:57:37,022 - INFO - (?),Je dis ça pour rigoler est bien ajouté
2025-05-04 14:57:37,557 - INFO - (?),J’accepte très facilement les invitations est bien ajouté
2025-05-04 14:57:38,032 - INFO - (?),formidable est bien ajouté
2025-05-04 14:57:38,433 - INFO - (?),Je dois filer est bien ajouté
2025-05-04 14:57:38,709 - INFO - (?),Je te raconterai est bien ajouté
2025-05-04 14:57:39,727 - INFO - (?),À plus est bien ajouté
2025-05-04 14:57:40,128 - INFO - (?),évidemment est bien ajouté
2025-05-04 14:57:40,428 - INFO - (?),Je partirai jamais est bien ajouté
2025-05-04 14:57:41,121 - INFO - (?),Je t’en supplie est bien ajouté
2025-05-04 14:57:41,606 - INFO - (?),Je vois pas pourquoi ça m’énerverait pas est bien ajouté
2025-05-04 14:57:42,065 - INFO - (?),fragile est bien ajouté
2025-05-04 14:57:42,333 - INFO - (?),embrasser est bien ajouté
2025-05-04 14:57:42,626 - INFO - (?),En marre est bien ajouté
2025-05-04 14:57:43,021 - INFO - (?),on se découvre est bien ajouté
2025-05-04 14:57:43,493 - INFO - (?),arrêt de cogiter trop est bien ajouté
2025-05-04 14:57:44,011 - INFO - (?),Tout ne doit pas coller à ton agenda est bien ajouté
2025-05-04 14:57:44,536 - INFO - (?),ça me fait plaisir de te voir est bien ajouté
2025-05-04 14:57:44,931 - INFO - (?),ça fait longtemps est bien ajouté
2025-05-04 14:57:45,430 - INFO - (?),Entre, je vais te présenter est bien ajouté
2025-05-04 14:57:46,115 - INFO - (?),un hasard formidable est bien ajouté
2025-05-04 14:57:46,491 - INFO - (?),à l’esprit est bien ajouté
2025-05-04 14:57:46,875 - INFO - (?),ravissant est bien ajouté
2025-05-04 14:57:47,486 - INFO - (?),conjoint est bien ajouté
2025-05-04 14:57:47,860 - INFO - (?),épouse est bien ajouté
2025-05-04 14:57:48,314 - INFO - (?),il délire est bien ajouté
2025-05-04 14:57:49,195 - INFO - (?),on arrive est bien ajouté
2025-05-04 14:57:49,496 - INFO - (?),périmée est bien ajouté
2025-05-04 14:57:50,356 - INFO - (?),on voit jamais le temps passer est bien ajouté
2025-05-04 14:57:50,814 - INFO - (?),cinglée est bien ajouté
2025-05-04 14:57:51,099 - INFO - (?),fou  est bien ajouté
2025-05-04 14:57:51,426 - INFO - (?),folle est bien ajouté
2025-05-04 14:57:52,534 - INFO - (?),régenter est bien ajouté
2025-05-04 14:57:53,135 - INFO - (?),une antenne est bien ajouté
2025-05-04 14:57:53,678 - INFO - (?),un colloque est bien ajouté
2025-05-04 14:57:55,246 - INFO - (?),majestueuse est bien ajouté
2025-05-04 14:57:55,822 - INFO - (?),craqué est bien ajouté
2025-05-04 14:57:56,255 - INFO - (?),vachement est bien ajouté
2025-05-04 14:57:56,606 - INFO - (?),méchamment est bien ajouté
2025-05-04 14:57:56,899 - INFO - (?),un vertige est bien ajouté
2025-05-04 14:57:57,558 - INFO - (?),interner est bien ajouté
2025-05-04 14:57:57,809 - INFO - (?),sangloter est bien ajouté
2025-05-04 14:57:58,161 - INFO - (?),klaxon est bien ajouté
2025-05-04 14:57:58,611 - INFO - (?),Madeleine Collins est bien ajouté
2025-05-04 14:57:58,929 - INFO - (?),un film est bien ajouté
2025-05-04 14:57:58,934 - INFO - Importation terminée avec 0 échecs.
2025-05-04 14:58:40,064 - INFO - Lecture de l'audio: assets/audio/un_laboratoire.mp3
2025-05-04 14:58:44,411 - INFO - Lecture de l'audio: assets/audio/un_laboratoire.mp3
2025-05-04 14:58:45,331 - INFO - User response: un laboratoire
2025-05-04 14:58:45,331 - INFO - Correct response: un laboratoire
2025-05-04 14:58:45,332 - INFO - Bonne réponse!
2025-05-04 14:58:45,679 - INFO - Arrêt de la lecture audio.
2025-05-04 14:58:46,147 - INFO - Lecture de l'audio: assets/audio/les_randonneurs.mp3
2025-05-04 14:58:51,220 - INFO - Lecture de l'audio: assets/audio/les_randonneurs.mp3
2025-05-04 14:58:52,572 - INFO - Lecture de l'audio: assets/audio/les_randonneurs.mp3
2025-05-04 14:58:57,391 - INFO - Lecture de l'audio: assets/audio/les_randonneurs.mp3
2025-05-04 14:58:58,120 - INFO - User response: les randonneurs
2025-05-04 14:58:58,121 - INFO - Correct response: les randonneurs
2025-05-04 14:58:58,121 - INFO - Bonne réponse!
2025-05-04 14:58:58,627 - INFO - Arrêt de la lecture audio.
2025-05-04 14:58:58,993 - INFO - Lecture de l'audio: assets/audio/le_matériel_le_plus_.mp3
2025-05-04 14:59:03,744 - INFO - Lecture de l'audio: assets/audio/le_matériel_le_plus_.mp3
2025-05-04 14:59:07,132 - INFO - Lecture de l'audio: assets/audio/le_matériel_le_plus_.mp3
2025-05-04 14:59:07,774 - INFO - User response: le matériel le plus moderne
2025-05-04 14:59:07,775 - INFO - Correct response: le matériel le plus moderne
2025-05-04 14:59:07,775 - INFO - Bonne réponse!
2025-05-04 14:59:08,139 - INFO - Arrêt de la lecture audio.
2025-05-04 14:59:08,449 - INFO - Lecture de l'audio: assets/audio/les_provisions.mp3
2025-05-04 14:59:09,824 - INFO - Lecture de l'audio: assets/audio/les_provisions.mp3
2025-05-04 14:59:12,069 - INFO - Lecture de l'audio: assets/audio/les_provisions.mp3
2025-05-04 14:59:12,820 - INFO - User response: le provision
2025-05-04 14:59:12,820 - INFO - Correct response: les provisions
2025-05-04 14:59:12,820 - WARNING - Mauvaise réponse!
2025-05-04 14:59:13,253 - INFO - Arrêt de la lecture audio.
2025-05-04 14:59:14,042 - INFO - Lecture de l'audio: assets/audio/un_phare.mp3
2025-05-04 14:59:17,234 - INFO - Lecture de l'audio: assets/audio/un_phare.mp3
2025-05-04 14:59:17,859 - INFO - User response: un phare
2025-05-04 14:59:17,859 - INFO - Correct response: un phare
2025-05-04 14:59:17,859 - INFO - Bonne réponse!
2025-05-04 14:59:18,172 - INFO - Arrêt de la lecture audio.
2025-05-04 14:59:18,700 - INFO - Lecture de l'audio: assets/audio/réglementaires.mp3
2025-05-04 14:59:24,271 - INFO - Lecture de l'audio: assets/audio/réglementaires.mp3
2025-05-04 14:59:25,217 - INFO - User response: reglémentaire
2025-05-04 14:59:25,217 - INFO - Correct response: réglementaires
2025-05-04 14:59:25,217 - WARNING - Mauvaise réponse!
2025-05-04 14:59:25,569 - INFO - Arrêt de la lecture audio.
2025-05-04 14:59:29,701 - INFO - Lecture de l'audio: assets/audio/obéissant.mp3
2025-05-04 14:59:33,225 - INFO - Lecture de l'audio: assets/audio/obéissant.mp3
2025-05-04 14:59:33,739 - INFO - User response: obeissant
2025-05-04 14:59:33,739 - INFO - Correct response: obéissant
2025-05-04 14:59:33,740 - WARNING - Mauvaise réponse!
2025-05-04 15:00:01,329 - INFO - Lecture de l'audio: assets/audio/docile.mp3
2025-05-04 15:00:03,810 - INFO - Lecture de l'audio: assets/audio/docile.mp3
2025-05-04 15:00:04,367 - INFO - User response: docile
2025-05-04 15:00:04,367 - INFO - Correct response: docile
2025-05-04 15:00:04,367 - INFO - Bonne réponse!
2025-05-04 15:00:04,744 - INFO - Arrêt de la lecture audio.
2025-05-04 15:00:05,108 - INFO - Lecture de l'audio: assets/audio/affiner.mp3
2025-05-04 15:00:08,227 - INFO - Lecture de l'audio: assets/audio/affiner.mp3
2025-05-04 15:00:08,972 - INFO - User response: affiner
2025-05-04 15:00:08,972 - INFO - Correct response: affiner
2025-05-04 15:00:08,972 - INFO - Bonne réponse!
2025-05-04 15:00:09,695 - INFO - Lecture de l'audio: assets/audio/un_plénipotentiaire.mp3
2025-05-04 15:00:11,661 - INFO - Lecture de l'audio: assets/audio/un_plénipotentiaire.mp3
2025-05-04 15:00:15,729 - INFO - Lecture de l'audio: assets/audio/un_plénipotentiaire.mp3
2025-05-04 15:00:16,240 - INFO - User response: un plénipotentiare
2025-05-04 15:00:16,240 - INFO - Correct response: un plénipotentiaire
2025-05-04 15:00:16,240 - WARNING - Mauvaise réponse!
2025-05-04 15:00:16,602 - INFO - Arrêt de la lecture audio.
2025-05-04 15:00:17,463 - INFO - Lecture de l'audio: assets/audio/la_répression.mp3
2025-05-04 15:00:20,362 - INFO - Lecture de l'audio: assets/audio/la_répression.mp3
2025-05-04 15:00:22,943 - INFO - Lecture de l'audio: assets/audio/la_répression.mp3
2025-05-04 15:00:24,250 - INFO - User response: la répression
2025-05-04 15:00:24,250 - INFO - Correct response: la répression
2025-05-04 15:00:24,250 - INFO - Bonne réponse!
2025-05-04 15:00:25,417 - INFO - Lecture de l'audio: assets/audio/implorer_la_paix_aup.mp3
2025-05-04 15:00:28,512 - INFO - Lecture de l'audio: assets/audio/implorer_la_paix_aup.mp3
2025-05-04 15:00:33,644 - INFO - Lecture de l'audio: assets/audio/implorer_la_paix_aup.mp3
2025-05-04 15:00:36,821 - INFO - Lecture de l'audio: assets/audio/implorer_la_paix_aup.mp3
2025-05-04 15:00:38,843 - INFO - Lecture de l'audio: assets/audio/implorer_la_paix_aup.mp3
2025-05-04 15:00:41,299 - INFO - User response: implorer la paix auprès des puissances
2025-05-04 15:00:41,299 - INFO - Correct response: implorer la paix auprès des puissances
2025-05-04 15:00:41,299 - INFO - Bonne réponse!
2025-05-04 15:00:42,077 - INFO - Lecture de l'audio: assets/audio/les_cadavres.mp3
2025-05-04 15:00:44,289 - INFO - Lecture de l'audio: assets/audio/les_cadavres.mp3
2025-05-04 15:00:47,023 - INFO - Lecture de l'audio: assets/audio/les_cadavres.mp3
2025-05-04 15:00:49,750 - INFO - Lecture de l'audio: assets/audio/les_cadavres.mp3
2025-05-04 15:00:52,070 - INFO - Lecture de l'audio: assets/audio/les_cadavres.mp3
2025-05-04 15:00:52,892 - INFO - User response: les cadavres
2025-05-04 15:00:52,892 - INFO - Correct response: les cadavres
2025-05-04 15:00:52,892 - INFO - Bonne réponse!
2025-05-04 15:00:53,225 - INFO - Arrêt de la lecture audio.
2025-05-04 15:00:53,664 - INFO - Lecture de l'audio: assets/audio/trahir.mp3
2025-05-04 15:00:55,028 - INFO - Lecture de l'audio: assets/audio/trahir.mp3
2025-05-04 15:00:56,503 - INFO - Lecture de l'audio: assets/audio/trahir.mp3
2025-05-04 15:00:58,347 - INFO - User response: trahir
2025-05-04 15:00:58,347 - INFO - Correct response: trahir
2025-05-04 15:00:58,347 - INFO - Bonne réponse!
2025-05-04 15:00:59,241 - INFO - Lecture de l'audio: assets/audio/parmi_eux.mp3
2025-05-04 15:01:00,743 - INFO - Lecture de l'audio: assets/audio/parmi_eux.mp3
2025-05-04 15:01:01,972 - INFO - Lecture de l'audio: assets/audio/parmi_eux.mp3
2025-05-04 15:01:03,505 - INFO - Lecture de l'audio: assets/audio/parmi_eux.mp3
2025-05-04 15:01:04,645 - INFO - Lecture de l'audio: assets/audio/parmi_eux.mp3
2025-05-04 15:01:05,756 - INFO - Lecture de l'audio: assets/audio/parmi_eux.mp3
2025-05-04 15:01:06,834 - INFO - Lecture de l'audio: assets/audio/parmi_eux.mp3
2025-05-04 15:01:07,955 - INFO - Lecture de l'audio: assets/audio/parmi_eux.mp3
2025-05-04 15:01:08,953 - INFO - Lecture de l'audio: assets/audio/parmi_eux.mp3
2025-05-04 15:01:14,058 - INFO - Lecture de l'audio: assets/audio/parmi_eux.mp3
2025-05-04 15:01:16,496 - INFO - Lecture de l'audio: assets/audio/parmi_eux.mp3
2025-05-04 15:01:17,171 - INFO - User response: arrivée
2025-05-04 15:01:17,171 - INFO - Correct response: parmi eux
2025-05-04 15:01:17,171 - WARNING - Mauvaise réponse!
2025-05-04 15:01:19,179 - INFO - Lecture de l'audio: assets/audio/frénésie.mp3
2025-05-04 15:01:20,769 - INFO - Lecture de l'audio: assets/audio/frénésie.mp3
2025-05-04 15:01:24,028 - INFO - Lecture de l'audio: assets/audio/frénésie.mp3
2025-05-04 15:01:24,667 - INFO - User response: frénésie
2025-05-04 15:01:24,667 - INFO - Correct response: frénésie
2025-05-04 15:01:24,667 - INFO - Bonne réponse!
2025-05-04 15:01:25,099 - INFO - Arrêt de la lecture audio.
2025-05-04 15:01:25,524 - INFO - Lecture de l'audio: assets/audio/inciter.mp3
2025-05-04 15:01:26,885 - INFO - Lecture de l'audio: assets/audio/inciter.mp3
2025-05-04 15:01:29,861 - INFO - Lecture de l'audio: assets/audio/inciter.mp3
2025-05-04 15:01:30,297 - INFO - User response: inciter
2025-05-04 15:01:30,297 - INFO - Correct response: inciter
2025-05-04 15:01:30,297 - INFO - Bonne réponse!
2025-05-04 15:01:30,711 - INFO - Arrêt de la lecture audio.
2025-05-04 15:01:31,052 - INFO - Lecture de l'audio: assets/audio/tolérer.mp3
2025-05-04 15:01:34,383 - INFO - Lecture de l'audio: assets/audio/tolérer.mp3
2025-05-04 15:01:35,718 - INFO - User response: tolerer
2025-05-04 15:01:35,719 - INFO - Correct response: tolérer
2025-05-04 15:01:35,719 - WARNING - Mauvaise réponse!
2025-05-04 15:01:36,787 - INFO - Lecture de l'audio: assets/audio/la_vengeance.mp3
2025-05-04 15:01:38,571 - INFO - Lecture de l'audio: assets/audio/la_vengeance.mp3
2025-05-04 15:01:41,815 - INFO - Lecture de l'audio: assets/audio/la_vengeance.mp3
2025-05-04 15:01:42,578 - INFO - User response: la vengeance
2025-05-04 15:01:42,578 - INFO - Correct response: la vengeance
2025-05-04 15:01:42,578 - INFO - Bonne réponse!
2025-05-04 15:01:43,835 - INFO - Lecture de l'audio: assets/audio/piller.mp3
2025-05-04 15:01:46,940 - INFO - Lecture de l'audio: assets/audio/piller.mp3
2025-05-04 15:01:52,257 - INFO - Lecture de l'audio: assets/audio/piller.mp3
2025-05-04 15:01:53,041 - INFO - User response: piés
2025-05-04 15:01:53,041 - INFO - Correct response: piller
2025-05-04 15:01:53,041 - WARNING - Mauvaise réponse!
2025-05-04 15:01:54,516 - INFO - Lecture de l'audio: assets/audio/se_suicider.mp3
2025-05-04 15:01:56,676 - INFO - Lecture de l'audio: assets/audio/se_suicider.mp3
2025-05-04 15:01:58,753 - INFO - Lecture de l'audio: assets/audio/se_suicider.mp3
2025-05-04 15:01:59,324 - INFO - User response: se suicider
2025-05-04 15:01:59,324 - INFO - Correct response: se suicider
2025-05-04 15:01:59,324 - INFO - Bonne réponse!
2025-05-04 15:01:59,749 - INFO - Arrêt de la lecture audio.
2025-05-04 15:02:00,136 - INFO - Lecture de l'audio: assets/audio/vaincu.mp3
2025-05-04 15:02:01,492 - INFO - Lecture de l'audio: assets/audio/vaincu.mp3
2025-05-04 15:02:04,293 - INFO - Lecture de l'audio: assets/audio/vaincu.mp3
2025-05-04 15:02:04,869 - INFO - User response: vaincu
2025-05-04 15:02:04,869 - INFO - Correct response: vaincu
2025-05-04 15:02:04,870 - INFO - Bonne réponse!
2025-05-04 15:02:05,692 - INFO - Lecture de l'audio: assets/audio/un_vainqueur.mp3
2025-05-04 15:02:10,203 - INFO - Lecture de l'audio: assets/audio/un_vainqueur.mp3
2025-05-04 15:02:10,644 - INFO - User response: un vainqueur
2025-05-04 15:02:10,644 - INFO - Correct response: un vainqueur
2025-05-04 15:02:10,644 - INFO - Bonne réponse!
2025-05-04 15:02:10,952 - INFO - Arrêt de la lecture audio.
2025-05-04 15:02:11,294 - INFO - Lecture de l'audio: assets/audio/nominal.mp3
2025-05-04 15:02:12,621 - INFO - Lecture de l'audio: assets/audio/nominal.mp3
2025-05-04 15:02:13,577 - INFO - Lecture de l'audio: assets/audio/nominal.mp3
2025-05-04 15:02:14,528 - INFO - Lecture de l'audio: assets/audio/nominal.mp3
2025-05-04 15:02:16,773 - INFO - Lecture de l'audio: assets/audio/nominal.mp3
2025-05-04 15:02:17,958 - INFO - User response: nominal
2025-05-04 15:02:17,958 - INFO - Correct response: nominal
2025-05-04 15:02:17,958 - INFO - Bonne réponse!
2025-05-04 15:05:23,603 - INFO - Lecture de l'audio: assets/audio/soustraire.mp3
2025-05-04 15:05:25,510 - INFO - Lecture de l'audio: assets/audio/soustraire.mp3
2025-05-04 15:05:33,034 - INFO - Lecture de l'audio: assets/audio/soustraire.mp3
2025-05-04 15:05:34,084 - INFO - User response: soustraire
2025-05-04 15:05:34,084 - INFO - Correct response: soustraire
2025-05-04 15:05:34,084 - INFO - Bonne réponse!
2025-05-04 15:05:35,895 - INFO - Lecture de l'audio: assets/audio/renoncer.mp3
2025-05-04 15:05:37,022 - INFO - Lecture de l'audio: assets/audio/renoncer.mp3
2025-05-04 15:05:39,092 - INFO - Lecture de l'audio: assets/audio/renoncer.mp3
2025-05-04 15:05:39,814 - INFO - User response: renoncer
2025-05-04 15:05:39,814 - INFO - Correct response: renoncer
2025-05-04 15:05:39,814 - INFO - Bonne réponse!
2025-05-04 15:06:03,702 - INFO - Lecture de l'audio: assets/audio/absoudre.mp3
2025-05-04 15:06:05,299 - INFO - Lecture de l'audio: assets/audio/absoudre.mp3
2025-05-04 15:06:08,931 - INFO - Lecture de l'audio: assets/audio/absoudre.mp3
2025-05-04 15:06:09,630 - INFO - User response: absoudre
2025-05-04 15:06:09,630 - INFO - Correct response: absoudre
2025-05-04 15:06:09,630 - INFO - Bonne réponse!
2025-05-04 15:06:11,053 - INFO - Lecture de l'audio: assets/audio/gifler.mp3
2025-05-04 15:06:17,279 - INFO - Lecture de l'audio: assets/audio/gifler.mp3
2025-05-04 15:06:19,772 - INFO - Lecture de l'audio: assets/audio/gifler.mp3
2025-05-04 15:06:20,591 - INFO - User response: gifler
2025-05-04 15:06:20,591 - INFO - Correct response: gifler
2025-05-04 15:06:20,591 - INFO - Bonne réponse!
2025-05-04 15:06:21,654 - INFO - Lecture de l'audio: assets/audio/féliciter.mp3
2025-05-04 15:06:23,298 - INFO - Lecture de l'audio: assets/audio/féliciter.mp3
2025-05-04 15:06:24,474 - INFO - Lecture de l'audio: assets/audio/féliciter.mp3
2025-05-04 15:06:25,561 - INFO - Lecture de l'audio: assets/audio/féliciter.mp3
2025-05-04 15:06:26,771 - INFO - Lecture de l'audio: assets/audio/féliciter.mp3
2025-05-04 15:06:27,926 - INFO - Lecture de l'audio: assets/audio/féliciter.mp3
2025-05-04 15:06:29,045 - INFO - Lecture de l'audio: assets/audio/féliciter.mp3
2025-05-04 15:07:32,411 - INFO - Lecture de l'audio: assets/audio/féliciter.mp3
2025-05-04 15:07:39,007 - INFO - User response: félécities
2025-05-04 15:07:39,007 - INFO - Correct response: féliciter
2025-05-04 15:07:39,008 - WARNING - Mauvaise réponse!
2025-05-04 15:07:46,094 - INFO - Lecture de l'audio: assets/audio/un_enlèvement.mp3
2025-05-04 15:14:27,248 - INFO - Lecture de l'audio: assets/audio/un_enlèvement.mp3
2025-05-04 15:14:28,591 - INFO - Lecture de l'audio: assets/audio/un_enlèvement.mp3
2025-05-04 15:14:32,003 - INFO - Lecture de l'audio: assets/audio/un_enlèvement.mp3
2025-05-04 15:14:34,936 - INFO - Lecture de l'audio: assets/audio/un_enlèvement.mp3
2025-05-04 15:14:39,189 - INFO - Lecture de l'audio: assets/audio/un_enlèvement.mp3
2025-05-04 15:14:40,262 - INFO - User response: un enlèvement
2025-05-04 15:14:40,262 - INFO - Correct response: un enlèvement
2025-05-04 15:14:40,263 - INFO - Bonne réponse!
2025-05-04 15:14:41,089 - INFO - Lecture de l'audio: assets/audio/la_pauvreté.mp3
2025-05-04 15:14:45,558 - INFO - Lecture de l'audio: assets/audio/la_pauvreté.mp3
2025-05-04 15:14:46,892 - INFO - User response: la pauvreté
2025-05-04 15:14:46,892 - INFO - Correct response: la pauvreté
2025-05-04 15:14:46,892 - INFO - Bonne réponse!
2025-05-04 15:15:04,079 - INFO - Lecture de l'audio: assets/audio/le_précurseur.mp3
2025-05-04 15:15:07,915 - INFO - Lecture de l'audio: assets/audio/le_précurseur.mp3
2025-05-04 15:15:11,219 - INFO - Lecture de l'audio: assets/audio/le_précurseur.mp3
2025-05-04 15:15:11,896 - INFO - User response: le précurseur
2025-05-04 15:15:11,896 - INFO - Correct response: le précurseur
2025-05-04 15:15:11,897 - INFO - Bonne réponse!
2025-05-04 15:15:12,352 - INFO - Arrêt de la lecture audio.
2025-05-04 15:16:21,089 - INFO - Lecture de l'audio: assets/audio/se_soutenir.mp3
2025-05-04 15:16:24,313 - INFO - Lecture de l'audio: assets/audio/se_soutenir.mp3
2025-05-04 15:16:25,304 - INFO - User response: se soutenir
2025-05-04 15:16:25,304 - INFO - Correct response: se soutenir
2025-05-04 15:16:25,304 - INFO - Bonne réponse!
2025-05-04 15:16:26,137 - INFO - Lecture de l'audio: assets/audio/un_pillage.mp3
2025-05-04 15:16:29,879 - INFO - Lecture de l'audio: assets/audio/un_pillage.mp3
2025-05-04 15:16:30,660 - INFO - User response: un pillage
2025-05-04 15:16:30,660 - INFO - Correct response: un pillage
2025-05-04 15:16:30,660 - INFO - Bonne réponse!
2025-05-04 15:16:31,513 - INFO - Lecture de l'audio: assets/audio/arrêter.mp3
2025-05-04 15:16:34,747 - INFO - Lecture de l'audio: assets/audio/arrêter.mp3
2025-05-04 15:16:35,527 - INFO - User response: arrêter
2025-05-04 15:16:35,527 - INFO - Correct response: arrêter
2025-05-04 15:16:35,527 - INFO - Bonne réponse!
2025-05-04 15:16:36,394 - INFO - Lecture de l'audio: assets/audio/le_doublage.mp3
2025-05-04 15:16:37,821 - INFO - Lecture de l'audio: assets/audio/le_doublage.mp3
2025-05-04 15:16:40,681 - INFO - Lecture de l'audio: assets/audio/le_doublage.mp3
2025-05-04 15:16:41,358 - INFO - User response: le doublage
2025-05-04 15:16:41,358 - INFO - Correct response: le doublage
2025-05-04 15:16:41,358 - INFO - Bonne réponse!
2025-05-04 15:16:41,861 - INFO - Arrêt de la lecture audio.
2025-05-04 15:16:42,267 - INFO - Lecture de l'audio: assets/audio/capituler.mp3
2025-05-04 15:16:45,042 - INFO - Lecture de l'audio: assets/audio/capituler.mp3
2025-05-04 15:16:46,162 - INFO - User response: capituler
2025-05-04 15:16:46,162 - INFO - Correct response: capituler
2025-05-04 15:16:46,162 - INFO - Bonne réponse!
2025-05-04 15:16:47,207 - INFO - Lecture de l'audio: assets/audio/tristement_célèbre.mp3
2025-05-04 15:16:53,395 - INFO - Lecture de l'audio: assets/audio/tristement_célèbre.mp3
2025-05-04 15:16:54,576 - INFO - User response: tristement célèbre
2025-05-04 15:16:54,576 - INFO - Correct response: tristement célèbre
2025-05-04 15:16:54,576 - INFO - Bonne réponse!
2025-05-04 15:16:55,517 - INFO - Lecture de l'audio: assets/audio/irréalisable.mp3
2025-05-04 15:17:01,384 - INFO - Lecture de l'audio: assets/audio/irréalisable.mp3
2025-05-04 15:17:02,259 - INFO - User response: irréalisable
2025-05-04 15:17:02,259 - INFO - Correct response: irréalisable
2025-05-04 15:17:02,259 - INFO - Bonne réponse!
2025-05-04 15:17:02,659 - INFO - Arrêt de la lecture audio.
2025-05-04 15:17:03,019 - INFO - Lecture de l'audio: assets/audio/pragmatique.mp3
2025-05-04 15:17:05,873 - INFO - Lecture de l'audio: assets/audio/pragmatique.mp3
2025-05-04 15:17:06,554 - INFO - User response: pragmatique
2025-05-04 15:17:06,554 - INFO - Correct response: pragmatique
2025-05-04 15:17:06,554 - INFO - Bonne réponse!
2025-05-04 15:17:06,930 - INFO - Arrêt de la lecture audio.
2025-05-04 15:17:07,258 - INFO - Lecture de l'audio: assets/audio/un_fauteuil_roulant.mp3
2025-05-04 15:17:12,992 - INFO - Lecture de l'audio: assets/audio/un_fauteuil_roulant.mp3
2025-05-04 15:17:14,067 - INFO - User response: un fauteuil roulant
2025-05-04 15:17:14,067 - INFO - Correct response: un fauteuil roulant
2025-05-04 15:17:14,067 - INFO - Bonne réponse!
2025-05-04 15:17:14,961 - INFO - Lecture de l'audio: assets/audio/inébranlable.mp3
2025-05-04 15:17:16,863 - INFO - Lecture de l'audio: assets/audio/inébranlable.mp3
2025-05-04 15:17:18,763 - INFO - Lecture de l'audio: assets/audio/inébranlable.mp3
2025-05-04 15:17:23,614 - INFO - Lecture de l'audio: assets/audio/inébranlable.mp3
2025-05-04 15:17:23,986 - INFO - User response: inébranlable
2025-05-04 15:17:23,986 - INFO - Correct response: inébranlable
2025-05-04 15:17:23,987 - INFO - Bonne réponse!
2025-05-04 15:17:24,284 - INFO - Arrêt de la lecture audio.
2025-05-04 15:17:24,624 - INFO - Lecture de l'audio: assets/audio/l’église_clandestine.mp3
2025-05-04 15:17:30,168 - INFO - Lecture de l'audio: assets/audio/l’église_clandestine.mp3
2025-05-04 15:17:30,726 - INFO - User response: léglise clandestine
2025-05-04 15:17:30,726 - INFO - Correct response: léglise clandestine
2025-05-04 15:17:30,726 - INFO - Bonne réponse!
2025-05-04 15:17:31,210 - INFO - Arrêt de la lecture audio.
2025-05-04 15:17:41,573 - INFO - Lecture de l'audio: assets/audio/l’emprise.mp3
2025-05-04 15:17:44,917 - INFO - Lecture de l'audio: assets/audio/l’emprise.mp3
2025-05-04 15:17:46,165 - INFO - User response: lemprise
2025-05-04 15:17:46,165 - INFO - Correct response: lemprise
2025-05-04 15:17:46,165 - INFO - Bonne réponse!
2025-05-04 15:17:46,983 - INFO - Lecture de l'audio: assets/audio/circuler.mp3
2025-05-04 15:17:49,832 - INFO - Lecture de l'audio: assets/audio/circuler.mp3
2025-05-04 15:17:51,965 - INFO - User response: circuler
2025-05-04 15:17:51,965 - INFO - Correct response: circuler
2025-05-04 15:17:51,965 - INFO - Bonne réponse!
2025-05-04 15:17:52,901 - INFO - Lecture de l'audio: assets/audio/une_spéculation.mp3
2025-05-04 15:18:03,318 - INFO - Lecture de l'audio: assets/audio/une_spéculation.mp3
2025-05-04 15:18:07,624 - INFO - Lecture de l'audio: assets/audio/une_spéculation.mp3
2025-05-04 15:18:08,862 - INFO - User response: une spéculation
2025-05-04 15:18:08,862 - INFO - Correct response: une spéculation
2025-05-04 15:18:08,862 - INFO - Bonne réponse!
2025-05-04 15:18:09,664 - INFO - Lecture de l'audio: assets/audio/une_rumeur.mp3
2025-05-04 15:18:12,601 - INFO - Lecture de l'audio: assets/audio/une_rumeur.mp3
2025-05-04 15:18:13,327 - INFO - User response: une rumeur
2025-05-04 15:18:13,327 - INFO - Correct response: une rumeur
2025-05-04 15:18:13,327 - INFO - Bonne réponse!
2025-05-04 15:18:13,737 - INFO - Arrêt de la lecture audio.
2025-05-04 15:18:14,057 - INFO - Lecture de l'audio: assets/audio/en_émoi.mp3
2025-05-04 15:18:15,842 - INFO - Lecture de l'audio: assets/audio/en_émoi.mp3
2025-05-04 15:18:19,650 - INFO - Lecture de l'audio: assets/audio/en_émoi.mp3
2025-05-04 15:18:24,540 - INFO - Lecture de l'audio: assets/audio/en_émoi.mp3
2025-05-04 15:18:25,073 - INFO - User response: en émoi
2025-05-04 15:18:25,073 - INFO - Correct response: en émoi
2025-05-04 15:18:25,073 - INFO - Bonne réponse!
2025-05-04 15:18:25,478 - INFO - Arrêt de la lecture audio.
2025-05-04 15:18:25,767 - INFO - Lecture de l'audio: assets/audio/féroce.mp3
2025-05-04 15:18:29,950 - INFO - Lecture de l'audio: assets/audio/féroce.mp3
2025-05-04 15:18:30,479 - INFO - User response: féroce
2025-05-04 15:18:30,479 - INFO - Correct response: féroce
2025-05-04 15:18:30,480 - INFO - Bonne réponse!
2025-05-04 15:18:30,862 - INFO - Arrêt de la lecture audio.
2025-05-04 15:18:31,189 - INFO - Lecture de l'audio: assets/audio/mécontent.mp3
2025-05-04 15:18:35,000 - INFO - Lecture de l'audio: assets/audio/mécontent.mp3
2025-05-04 15:18:35,638 - INFO - User response: mécontente
2025-05-04 15:18:35,639 - INFO - Correct response: mécontent
2025-05-04 15:18:35,639 - WARNING - Mauvaise réponse!
2025-05-04 15:18:36,015 - INFO - Arrêt de la lecture audio.
2025-05-04 15:18:36,600 - INFO - Lecture de l'audio: assets/audio/inacceptable.mp3
2025-05-04 15:18:42,829 - INFO - Lecture de l'audio: assets/audio/inacceptable.mp3
2025-05-04 15:18:46,856 - INFO - Lecture de l'audio: assets/audio/inacceptable.mp3
2025-05-04 15:18:47,553 - INFO - User response: inacceptable
2025-05-04 15:18:47,553 - INFO - Correct response: inacceptable
2025-05-04 15:18:47,553 - INFO - Bonne réponse!
2025-05-04 15:18:48,181 - INFO - Arrêt de la lecture audio.
2025-05-04 15:18:48,573 - INFO - Lecture de l'audio: assets/audio/fondamentalement.mp3
2025-05-04 15:18:48,963 - INFO - Lecture de l'audio: assets/audio/fondamentalement.mp3
2025-05-04 15:18:52,992 - INFO - Lecture de l'audio: assets/audio/fondamentalement.mp3
2025-05-04 15:18:54,535 - INFO - User response: fondamentalement
2025-05-04 15:18:54,535 - INFO - Correct response: fondamentalement
2025-05-04 15:18:54,535 - INFO - Bonne réponse!
2025-05-04 15:18:55,331 - INFO - Lecture de l'audio: assets/audio/inévitable.mp3
2025-05-04 15:18:56,839 - INFO - Lecture de l'audio: assets/audio/inévitable.mp3
2025-05-04 15:18:57,937 - INFO - Lecture de l'audio: assets/audio/inévitable.mp3
2025-05-04 15:19:01,096 - INFO - Lecture de l'audio: assets/audio/inévitable.mp3
2025-05-04 15:19:01,730 - INFO - User response: inévitable
2025-05-04 15:19:01,731 - INFO - Correct response: inévitable
2025-05-04 15:19:01,731 - INFO - Bonne réponse!
2025-05-04 15:19:02,193 - INFO - Arrêt de la lecture audio.
2025-05-04 15:19:02,582 - INFO - Lecture de l'audio: assets/audio/constituer_une_menac.mp3
2025-05-04 15:19:05,860 - INFO - Lecture de l'audio: assets/audio/constituer_une_menac.mp3
2025-05-04 15:19:14,295 - INFO - Lecture de l'audio: assets/audio/constituer_une_menac.mp3
2025-05-04 15:19:21,165 - INFO - Lecture de l'audio: assets/audio/constituer_une_menac.mp3
2025-05-04 15:19:28,251 - INFO - Lecture de l'audio: assets/audio/constituer_une_menac.mp3
2025-05-04 15:19:33,053 - INFO - Lecture de l'audio: assets/audio/constituer_une_menac.mp3
2025-05-04 15:19:36,511 - INFO - Lecture de l'audio: assets/audio/constituer_une_menac.mp3
2025-05-04 15:19:36,984 - INFO - User response: constituer une menace pour leur autorité
2025-05-04 15:19:36,985 - INFO - Correct response: constituer une menace pour leur autorité
2025-05-04 15:19:36,985 - INFO - Bonne réponse!
2025-05-04 15:19:37,384 - INFO - Arrêt de la lecture audio.
2025-05-04 15:19:37,828 - INFO - Lecture de l'audio: assets/audio/de_vue_laïque.mp3
2025-05-04 15:19:44,254 - INFO - Lecture de l'audio: assets/audio/de_vue_laïque.mp3
2025-05-04 15:19:44,860 - INFO - User response: de vue laïque
2025-05-04 15:19:44,860 - INFO - Correct response: de vue laïque
2025-05-04 15:19:44,860 - INFO - Bonne réponse!
2025-05-04 15:19:45,258 - INFO - Arrêt de la lecture audio.
2025-05-04 15:19:45,592 - INFO - Lecture de l'audio: assets/audio/avant_longtemps.mp3
2025-05-04 15:19:46,748 - INFO - Lecture de l'audio: assets/audio/avant_longtemps.mp3
2025-05-04 15:19:49,526 - INFO - Lecture de l'audio: assets/audio/avant_longtemps.mp3
2025-05-04 15:19:50,091 - INFO - User response: avant longtemps
2025-05-04 15:19:50,091 - INFO - Correct response: avant longtemps
2025-05-04 15:19:50,091 - INFO - Bonne réponse!
2025-05-04 15:19:50,517 - INFO - Arrêt de la lecture audio.
2025-05-04 15:19:50,915 - INFO - Lecture de l'audio: assets/audio/controversé.mp3
2025-05-04 15:19:54,404 - INFO - Lecture de l'audio: assets/audio/controversé.mp3
2025-05-04 15:19:55,330 - INFO - User response: controversé
2025-05-04 15:19:55,330 - INFO - Correct response: controversé
2025-05-04 15:19:55,331 - INFO - Bonne réponse!
2025-05-04 15:19:56,562 - INFO - Lecture de l'audio: assets/audio/nominalement.mp3
2025-05-04 15:20:00,990 - INFO - Lecture de l'audio: assets/audio/nominalement.mp3
2025-05-04 15:20:01,955 - INFO - User response: nominalement
2025-05-04 15:20:01,955 - INFO - Correct response: nominalement
2025-05-04 15:20:01,955 - INFO - Bonne réponse!
2025-05-04 15:20:03,950 - INFO - Lecture de l'audio: assets/audio/athée.mp3
2025-05-04 15:20:05,068 - INFO - Lecture de l'audio: assets/audio/athée.mp3
2025-05-04 15:20:07,226 - INFO - Lecture de l'audio: assets/audio/athée.mp3
2025-05-04 15:20:08,328 - INFO - User response: athée
2025-05-04 15:20:08,328 - INFO - Correct response: athée
2025-05-04 15:20:08,328 - INFO - Bonne réponse!
2025-05-04 15:20:09,242 - INFO - Lecture de l'audio: assets/audio/une_inhérence.mp3
2025-05-04 15:20:10,997 - INFO - Lecture de l'audio: assets/audio/une_inhérence.mp3
2025-05-04 15:20:12,695 - INFO - Lecture de l'audio: assets/audio/une_inhérence.mp3
2025-05-04 15:20:13,834 - INFO - Lecture de l'audio: assets/audio/une_inhérence.mp3
2025-05-04 15:20:15,052 - INFO - Lecture de l'audio: assets/audio/une_inhérence.mp3
2025-05-04 15:20:20,525 - INFO - Lecture de l'audio: assets/audio/une_inhérence.mp3
2025-05-04 15:20:21,113 - INFO - User response: une inhérence
2025-05-04 15:20:21,114 - INFO - Correct response: une inhérence
2025-05-04 15:20:21,114 - INFO - Bonne réponse!
2025-05-04 15:20:21,496 - INFO - Arrêt de la lecture audio.
2025-05-04 15:20:21,826 - INFO - Lecture de l'audio: assets/audio/un_régime_autoritair.mp3
2025-05-04 15:20:26,921 - INFO - Lecture de l'audio: assets/audio/un_régime_autoritair.mp3
2025-05-04 15:20:27,418 - INFO - User response: un régime autoritaire
2025-05-04 15:20:27,418 - INFO - Correct response: un régime autoritaire
2025-05-04 15:20:27,418 - INFO - Bonne réponse!
2025-05-04 15:20:27,768 - INFO - Arrêt de la lecture audio.
2025-05-04 15:20:28,165 - INFO - Lecture de l'audio: assets/audio/un_prétexte.mp3
2025-05-04 15:20:31,147 - INFO - Lecture de l'audio: assets/audio/un_prétexte.mp3
2025-05-04 15:20:31,857 - INFO - User response: un prétexte
2025-05-04 15:20:31,857 - INFO - Correct response: un prétexte
2025-05-04 15:20:31,858 - INFO - Bonne réponse!
2025-05-04 15:20:32,280 - INFO - Arrêt de la lecture audio.
2025-05-04 15:20:32,679 - INFO - Lecture de l'audio: assets/audio/le_vrai_motif.mp3
2025-05-04 15:20:36,632 - INFO - Lecture de l'audio: assets/audio/le_vrai_motif.mp3
2025-05-04 15:20:37,360 - INFO - User response: le vrai motif
2025-05-04 15:20:37,360 - INFO - Correct response: le vrai motif
2025-05-04 15:20:37,360 - INFO - Bonne réponse!
2025-05-04 15:20:37,791 - INFO - Arrêt de la lecture audio.
2025-05-04 15:20:38,327 - INFO - Lecture de l'audio: assets/audio/sympathiser.mp3
2025-05-04 15:22:46,486 - INFO - Lecture de l'audio: assets/audio/sympathiser.mp3
2025-05-04 15:22:54,907 - INFO - Lecture de l'audio: assets/audio/sympathiser.mp3
2025-05-04 15:23:01,974 - INFO - Lecture de l'audio: assets/audio/sympathiser.mp3
2025-05-04 15:23:02,613 - INFO - User response: sympathiser
2025-05-04 15:23:02,613 - INFO - Correct response: sympathiser
2025-05-04 15:23:02,613 - INFO - Bonne réponse!
2025-05-04 15:23:02,984 - INFO - Arrêt de la lecture audio.
2025-05-04 15:23:03,407 - INFO - Lecture de l'audio: assets/audio/l’étymologie.mp3
2025-05-04 15:23:11,850 - INFO - Lecture de l'audio: assets/audio/l’étymologie.mp3
2025-05-04 15:23:13,050 - INFO - User response: létymologie
2025-05-04 15:23:13,051 - INFO - Correct response: létymologie
2025-05-04 15:23:13,051 - INFO - Bonne réponse!
2025-05-04 15:23:13,816 - INFO - Lecture de l'audio: assets/audio/la_stigmatisation.mp3
2025-05-04 15:23:18,033 - INFO - Lecture de l'audio: assets/audio/la_stigmatisation.mp3
2025-05-04 15:23:22,212 - INFO - Lecture de l'audio: assets/audio/la_stigmatisation.mp3
2025-05-04 15:23:23,507 - INFO - User response: la stigmatisation
2025-05-04 15:23:23,507 - INFO - Correct response: la stigmatisation
2025-05-04 15:23:23,508 - INFO - Bonne réponse!
2025-05-04 15:23:24,491 - INFO - Lecture de l'audio: assets/audio/le_concept.mp3
2025-05-04 15:23:26,923 - INFO - Lecture de l'audio: assets/audio/le_concept.mp3
2025-05-04 15:23:28,238 - INFO - User response: le concept
2025-05-04 15:23:28,239 - INFO - Correct response: le concept
2025-05-04 15:23:28,239 - INFO - Bonne réponse!
2025-05-04 15:23:29,179 - INFO - Lecture de l'audio: assets/audio/un_mauvais_critère.mp3
2025-05-04 15:23:31,600 - INFO - Lecture de l'audio: assets/audio/un_mauvais_critère.mp3
2025-05-04 15:23:38,240 - INFO - Lecture de l'audio: assets/audio/un_mauvais_critère.mp3
2025-05-04 15:23:40,185 - INFO - User response: un mauvais critère
2025-05-04 15:23:40,185 - INFO - Correct response: un mauvais critère
2025-05-04 15:23:40,185 - INFO - Bonne réponse!
2025-05-04 15:23:40,920 - INFO - Lecture de l'audio: assets/audio/la_frontière.mp3
2025-05-04 15:23:44,778 - INFO - Lecture de l'audio: assets/audio/la_frontière.mp3
2025-05-04 15:23:45,423 - INFO - User response: la frontière
2025-05-04 15:23:45,423 - INFO - Correct response: la frontière
2025-05-04 15:23:45,423 - INFO - Bonne réponse!
2025-05-04 15:23:45,858 - INFO - Arrêt de la lecture audio.
2025-05-04 15:23:46,217 - INFO - Lecture de l'audio: assets/audio/apparemment.mp3
2025-05-04 15:23:50,475 - INFO - Lecture de l'audio: assets/audio/apparemment.mp3
2025-05-04 15:23:51,707 - INFO - User response: apparement
2025-05-04 15:23:51,707 - INFO - Correct response: apparemment
2025-05-04 15:23:51,707 - WARNING - Mauvaise réponse!
2025-05-04 15:23:55,033 - INFO - Lecture de l'audio: assets/audio/inquiéter.mp3
2025-05-04 15:23:56,465 - INFO - Lecture de l'audio: assets/audio/inquiéter.mp3
2025-05-04 15:23:59,575 - INFO - Lecture de l'audio: assets/audio/inquiéter.mp3
2025-05-04 15:24:01,331 - INFO - User response: inquiéter
2025-05-04 15:24:01,331 - INFO - Correct response: inquiéter
2025-05-04 15:24:01,331 - INFO - Bonne réponse!
2025-05-04 15:24:02,065 - INFO - Lecture de l'audio: assets/audio/les_stupéfiants.mp3
2025-05-04 15:24:06,455 - INFO - Lecture de l'audio: assets/audio/les_stupéfiants.mp3
2025-05-04 15:24:07,641 - INFO - User response: les stupéfiants
2025-05-04 15:24:07,641 - INFO - Correct response: les stupéfiants
2025-05-04 15:24:07,642 - INFO - Bonne réponse!
2025-05-04 15:24:08,347 - INFO - Lecture de l'audio: assets/audio/espionner.mp3
2025-05-04 15:24:09,720 - INFO - Lecture de l'audio: assets/audio/espionner.mp3
2025-05-04 15:24:11,770 - INFO - Lecture de l'audio: assets/audio/espionner.mp3
2025-05-04 15:24:12,641 - INFO - User response: espionner
2025-05-04 15:24:12,641 - INFO - Correct response: espionner
2025-05-04 15:24:12,641 - INFO - Bonne réponse!
2025-05-04 15:24:13,522 - INFO - Lecture de l'audio: assets/audio/décrypter.mp3
2025-05-04 15:24:17,552 - INFO - Lecture de l'audio: assets/audio/décrypter.mp3
2025-05-04 15:24:18,208 - INFO - User response: décrypter
2025-05-04 15:24:18,208 - INFO - Correct response: décrypter
2025-05-04 15:24:18,208 - INFO - Bonne réponse!
2025-05-04 15:24:18,698 - INFO - Arrêt de la lecture audio.
2025-05-04 15:24:19,121 - INFO - Lecture de l'audio: assets/audio/encrypter.mp3
2025-05-04 15:24:22,756 - INFO - Lecture de l'audio: assets/audio/encrypter.mp3
2025-05-04 15:24:24,216 - INFO - User response: encrypter
2025-05-04 15:24:24,216 - INFO - Correct response: encrypter
2025-05-04 15:24:24,216 - INFO - Bonne réponse!
2025-05-04 15:24:25,548 - INFO - Lecture de l'audio: assets/audio/une_myriade.mp3
2025-05-04 15:24:28,549 - INFO - Lecture de l'audio: assets/audio/une_myriade.mp3
2025-05-04 15:24:29,178 - INFO - User response: une myriade
2025-05-04 15:24:29,178 - INFO - Correct response: une myriade
2025-05-04 15:24:29,178 - INFO - Bonne réponse!
2025-05-04 15:24:29,668 - INFO - Arrêt de la lecture audio.
2025-05-04 15:24:30,118 - INFO - Lecture de l'audio: assets/audio/les_oiseaux_volent.mp3
2025-05-04 15:24:36,216 - INFO - Lecture de l'audio: assets/audio/les_oiseaux_volent.mp3
2025-05-04 15:24:37,097 - INFO - User response: les oiseaux volent
2025-05-04 15:24:37,097 - INFO - Correct response: les oiseaux volent
2025-05-04 15:24:37,098 - INFO - Bonne réponse!
2025-05-04 15:24:37,561 - INFO - Arrêt de la lecture audio.
2025-05-04 15:24:38,017 - INFO - Lecture de l'audio: assets/audio/déconcerter.mp3
2025-05-04 15:24:39,511 - INFO - Lecture de l'audio: assets/audio/déconcerter.mp3
2025-05-04 15:24:42,675 - INFO - Lecture de l'audio: assets/audio/déconcerter.mp3
2025-05-04 15:24:46,130 - INFO - Lecture de l'audio: assets/audio/déconcerter.mp3
2025-05-04 15:24:46,680 - INFO - User response: déconcerter
2025-05-04 15:24:46,680 - INFO - Correct response: déconcerter
2025-05-04 15:24:46,680 - INFO - Bonne réponse!
2025-05-04 15:24:47,183 - INFO - Arrêt de la lecture audio.
2025-05-04 15:24:47,669 - INFO - Lecture de l'audio: assets/audio/chroniquement.mp3
2025-05-04 15:24:49,335 - INFO - Lecture de l'audio: assets/audio/chroniquement.mp3
2025-05-04 15:24:52,286 - INFO - Lecture de l'audio: assets/audio/chroniquement.mp3
2025-05-04 15:24:53,238 - INFO - User response: chroniquement
2025-05-04 15:24:53,238 - INFO - Correct response: chroniquement
2025-05-04 15:24:53,238 - INFO - Bonne réponse!
2025-05-04 15:24:54,053 - INFO - Lecture de l'audio: assets/audio/je_te_dois_des_sauci.mp3
2025-05-04 15:25:01,133 - INFO - Lecture de l'audio: assets/audio/je_te_dois_des_sauci.mp3
2025-05-04 15:25:01,768 - INFO - User response: je te dois des saucisses
2025-05-04 15:25:01,768 - INFO - Correct response: je te dois des saucisses
2025-05-04 15:25:01,768 - INFO - Bonne réponse!
2025-05-04 15:25:02,324 - INFO - Arrêt de la lecture audio.
2025-05-04 15:25:02,689 - INFO - Lecture de l'audio: assets/audio/les_mouches_volantes.mp3
2025-05-04 15:25:09,565 - INFO - Lecture de l'audio: assets/audio/les_mouches_volantes.mp3
2025-05-04 15:25:12,426 - INFO - User response: les mouches volantes
2025-05-04 15:25:12,426 - INFO - Correct response: les mouches volantes
2025-05-04 15:25:12,426 - INFO - Bonne réponse!
2025-05-04 15:25:13,474 - INFO - Lecture de l'audio: assets/audio/une_bouteille.mp3
2025-05-04 15:25:16,508 - INFO - Lecture de l'audio: assets/audio/une_bouteille.mp3
2025-05-04 15:25:17,230 - INFO - User response: une bouteille
2025-05-04 15:25:17,230 - INFO - Correct response: une bouteille
2025-05-04 15:25:17,230 - INFO - Bonne réponse!
2025-05-04 15:25:18,102 - INFO - Lecture de l'audio: assets/audio/lié.mp3
2025-05-04 15:25:19,984 - INFO - Lecture de l'audio: assets/audio/lié.mp3
2025-05-04 15:25:21,761 - INFO - User response: lié
2025-05-04 15:25:21,762 - INFO - Correct response: lié
2025-05-04 15:25:21,762 - INFO - Bonne réponse!
2025-05-04 15:25:22,592 - INFO - Lecture de l'audio: assets/audio/interconnecté.mp3
2025-05-04 15:25:23,553 - INFO - Lecture de l'audio: assets/audio/interconnecté.mp3
2025-05-04 15:25:25,475 - INFO - Lecture de l'audio: assets/audio/interconnecté.mp3
2025-05-04 15:25:25,910 - INFO - Lecture de l'audio: assets/audio/interconnecté.mp3
2025-05-04 15:25:26,133 - INFO - Lecture de l'audio: assets/audio/interconnecté.mp3
2025-05-04 15:25:26,294 - INFO - Lecture de l'audio: assets/audio/interconnecté.mp3
2025-05-04 15:25:26,428 - INFO - Lecture de l'audio: assets/audio/interconnecté.mp3
2025-05-04 15:25:26,562 - INFO - Lecture de l'audio: assets/audio/interconnecté.mp3
2025-05-04 15:25:26,675 - INFO - Lecture de l'audio: assets/audio/interconnecté.mp3
2025-05-04 15:25:27,172 - INFO - Lecture de l'audio: assets/audio/interconnecté.mp3
2025-05-04 15:25:27,318 - INFO - Lecture de l'audio: assets/audio/interconnecté.mp3
2025-05-04 15:25:33,543 - INFO - Lecture de l'audio: assets/audio/interconnecté.mp3
2025-05-04 15:25:34,093 - INFO - User response: interconnecté
2025-05-04 15:25:34,094 - INFO - Correct response: interconnecté
2025-05-04 15:25:34,094 - INFO - Bonne réponse!
2025-05-04 15:37:51,300 - INFO - Lecture de l'audio: assets/audio/un_coup_de_pub.mp3
2025-05-04 15:37:56,139 - INFO - Lecture de l'audio: assets/audio/un_coup_de_pub.mp3
2025-05-04 15:37:56,649 - INFO - User response: un coup de pub
2025-05-04 15:37:56,649 - INFO - Correct response: un coup de pub
2025-05-04 15:37:56,649 - INFO - Bonne réponse!
2025-05-04 15:37:57,054 - INFO - Arrêt de la lecture audio.
2025-05-04 15:37:57,413 - INFO - Lecture de l'audio: assets/audio/un_récipient_aliment.mp3
2025-05-04 15:38:09,867 - INFO - Lecture de l'audio: assets/audio/un_récipient_aliment.mp3
2025-05-04 15:38:10,287 - INFO - User response: un récipient alimentaire en plastique
2025-05-04 15:38:10,287 - INFO - Correct response: un récipient alimentaire en plastique
2025-05-04 15:38:10,288 - INFO - Bonne réponse!
2025-05-04 15:38:10,913 - INFO - Arrêt de la lecture audio.
2025-05-04 15:38:11,293 - INFO - Lecture de l'audio: assets/audio/abdiquer.mp3
2025-05-04 15:38:14,367 - INFO - Lecture de l'audio: assets/audio/abdiquer.mp3
2025-05-04 15:38:14,956 - INFO - User response: abdiquer
2025-05-04 15:38:14,957 - INFO - Correct response: abdiquer
2025-05-04 15:38:14,957 - INFO - Bonne réponse!
2025-05-04 15:38:15,854 - INFO - Lecture de l'audio: assets/audio/les_renseignements.mp3
2025-05-04 15:38:20,928 - INFO - Lecture de l'audio: assets/audio/les_renseignements.mp3
2025-05-04 15:38:24,279 - INFO - Lecture de l'audio: assets/audio/les_renseignements.mp3
2025-05-04 15:38:25,178 - INFO - User response: les renseignements
2025-05-04 15:38:25,178 - INFO - Correct response: les renseignements
2025-05-04 15:38:25,178 - INFO - Bonne réponse!
2025-05-04 15:38:26,300 - INFO - Lecture de l'audio: assets/audio/le_système.mp3
2025-05-04 15:38:31,520 - INFO - Lecture de l'audio: assets/audio/le_système.mp3
2025-05-04 15:38:31,917 - INFO - User response: le système
2025-05-04 15:38:31,917 - INFO - Correct response: le système
2025-05-04 15:38:31,917 - INFO - Bonne réponse!
2025-05-04 15:38:32,233 - INFO - Arrêt de la lecture audio.
2025-05-04 15:38:32,781 - INFO - Lecture de l'audio: assets/audio/souligner.mp3
2025-05-04 15:38:36,804 - INFO - Lecture de l'audio: assets/audio/souligner.mp3
2025-05-04 15:38:37,356 - INFO - User response: souligner
2025-05-04 15:38:37,356 - INFO - Correct response: souligner
2025-05-04 15:38:37,357 - INFO - Bonne réponse!
2025-05-04 15:38:37,802 - INFO - Arrêt de la lecture audio.
2025-05-04 15:38:38,214 - INFO - Lecture de l'audio: assets/audio/un_conflit.mp3
2025-05-04 15:38:41,019 - INFO - Lecture de l'audio: assets/audio/un_conflit.mp3
2025-05-04 15:38:41,527 - INFO - User response: un conflit
2025-05-04 15:38:41,527 - INFO - Correct response: un conflit
2025-05-04 15:38:41,527 - INFO - Bonne réponse!
2025-05-04 15:38:41,980 - INFO - Arrêt de la lecture audio.
2025-05-04 15:38:42,397 - INFO - Lecture de l'audio: assets/audio/un_exil.mp3
2025-05-04 15:38:44,940 - INFO - Lecture de l'audio: assets/audio/un_exil.mp3
2025-05-04 15:38:45,380 - INFO - User response: un exil
2025-05-04 15:38:45,380 - INFO - Correct response: un exil
2025-05-04 15:38:45,380 - INFO - Bonne réponse!
2025-05-04 15:38:45,814 - INFO - Arrêt de la lecture audio.
2025-05-04 15:38:46,192 - INFO - Lecture de l'audio: assets/audio/la_conclusion.mp3
2025-05-04 15:38:49,506 - INFO - Lecture de l'audio: assets/audio/la_conclusion.mp3
2025-05-04 15:38:49,911 - INFO - User response: la conclusion
2025-05-04 15:38:49,911 - INFO - Correct response: la conclusion
2025-05-04 15:38:49,911 - INFO - Bonne réponse!
2025-05-04 15:38:50,239 - INFO - Arrêt de la lecture audio.
2025-05-04 15:38:50,733 - INFO - Lecture de l'audio: assets/audio/la_tempête.mp3
2025-05-04 15:38:53,912 - INFO - Lecture de l'audio: assets/audio/la_tempête.mp3
2025-05-04 15:38:55,078 - INFO - User response: la tempête
2025-05-04 15:38:55,078 - INFO - Correct response: la tempête
2025-05-04 15:38:55,078 - INFO - Bonne réponse!
2025-05-04 15:38:55,796 - INFO - Lecture de l'audio: assets/audio/la_conséquence.mp3
2025-05-04 15:38:59,209 - INFO - Lecture de l'audio: assets/audio/la_conséquence.mp3
2025-05-04 15:38:59,844 - INFO - User response: la conséquence
2025-05-04 15:38:59,845 - INFO - Correct response: la conséquence
2025-05-04 15:38:59,845 - INFO - Bonne réponse!
2025-05-04 15:39:00,161 - INFO - Arrêt de la lecture audio.
2025-05-04 15:39:00,544 - INFO - Lecture de l'audio: assets/audio/mon_arrivée.mp3
2025-05-04 15:39:04,499 - INFO - Lecture de l'audio: assets/audio/mon_arrivée.mp3
2025-05-04 15:39:04,924 - INFO - User response: mon arrivée
2025-05-04 15:39:04,924 - INFO - Correct response: mon arrivée
2025-05-04 15:39:04,924 - INFO - Bonne réponse!
2025-05-04 15:39:05,249 - INFO - Arrêt de la lecture audio.
2025-05-04 15:39:05,647 - INFO - Lecture de l'audio: assets/audio/le_bulletin_de_vote.mp3
2025-05-04 15:39:10,612 - INFO - Lecture de l'audio: assets/audio/le_bulletin_de_vote.mp3
2025-05-04 15:39:11,716 - INFO - User response: le bulletin de vote
2025-05-04 15:39:11,716 - INFO - Correct response: le bulletin de vote
2025-05-04 15:39:11,716 - INFO - Bonne réponse!
2025-05-04 15:39:12,193 - INFO - Arrêt de la lecture audio.
2025-05-04 15:39:12,633 - INFO - Lecture de l'audio: assets/audio/la_diaspora_chinoise.mp3
2025-05-04 15:39:18,688 - INFO - Lecture de l'audio: assets/audio/la_diaspora_chinoise.mp3
2025-05-04 15:39:21,935 - INFO - Lecture de l'audio: assets/audio/la_diaspora_chinoise.mp3
2025-05-04 15:39:24,322 - INFO - User response: la diaspora chinoise
2025-05-04 15:39:24,322 - INFO - Correct response: la diaspora chinoise
2025-05-04 15:39:24,323 - INFO - Bonne réponse!
2025-05-04 15:39:25,762 - INFO - Lecture de l'audio: assets/audio/éprouvé.mp3
2025-05-04 15:39:29,546 - INFO - Lecture de l'audio: assets/audio/éprouvé.mp3
2025-05-04 15:39:30,155 - INFO - User response: éprouvé
2025-05-04 15:39:30,155 - INFO - Correct response: éprouvé
2025-05-04 15:39:30,155 - INFO - Bonne réponse!
2025-05-04 15:39:31,016 - INFO - Lecture de l'audio: assets/audio/légalement.mp3
2025-05-04 15:39:34,955 - INFO - Lecture de l'audio: assets/audio/légalement.mp3
2025-05-04 15:39:35,408 - INFO - User response: légalement
2025-05-04 15:39:35,408 - INFO - Correct response: légalement
2025-05-04 15:39:35,409 - INFO - Bonne réponse!
2025-05-04 15:39:35,757 - INFO - Arrêt de la lecture audio.
2025-05-04 15:39:36,168 - INFO - Lecture de l'audio: assets/audio/la_question.mp3
2025-05-04 15:39:39,141 - INFO - Lecture de l'audio: assets/audio/la_question.mp3
2025-05-04 15:39:39,654 - INFO - User response: la question
2025-05-04 15:39:39,654 - INFO - Correct response: la question
2025-05-04 15:39:39,654 - INFO - Bonne réponse!
2025-05-04 15:39:39,966 - INFO - Arrêt de la lecture audio.
2025-05-04 15:39:40,564 - INFO - Lecture de l'audio: assets/audio/un_problème.mp3
2025-05-04 15:39:44,558 - INFO - Lecture de l'audio: assets/audio/un_problème.mp3
2025-05-04 15:39:49,467 - INFO - Lecture de l'audio: assets/audio/un_problème.mp3
2025-05-04 15:39:49,972 - INFO - User response: un problème
2025-05-04 15:39:49,973 - INFO - Correct response: un problème
2025-05-04 15:39:49,973 - INFO - Bonne réponse!
2025-05-04 15:39:50,300 - INFO - Arrêt de la lecture audio.
2025-05-04 15:39:50,638 - INFO - Lecture de l'audio: assets/audio/un_viol.mp3
2025-05-04 15:39:52,911 - INFO - Lecture de l'audio: assets/audio/un_viol.mp3
2025-05-04 15:39:53,323 - INFO - User response: un viol
2025-05-04 15:39:53,323 - INFO - Correct response: un viol
2025-05-04 15:39:53,323 - INFO - Bonne réponse!
2025-05-04 15:39:53,623 - INFO - Arrêt de la lecture audio.
2025-05-04 15:39:54,016 - INFO - Lecture de l'audio: assets/audio/la_victime.mp3
2025-05-04 15:39:56,564 - INFO - Lecture de l'audio: assets/audio/la_victime.mp3
2025-05-04 15:39:57,098 - INFO - User response: la victime
2025-05-04 15:39:57,098 - INFO - Correct response: la victime
2025-05-04 15:39:57,098 - INFO - Bonne réponse!
2025-05-04 15:39:57,459 - INFO - Arrêt de la lecture audio.
2025-05-04 15:39:57,885 - INFO - Lecture de l'audio: assets/audio/une_référence_croisé.mp3
2025-05-04 15:40:02,941 - INFO - Lecture de l'audio: assets/audio/une_référence_croisé.mp3
2025-05-04 15:40:05,655 - INFO - User response: une référence croisée
2025-05-04 15:40:05,655 - INFO - Correct response: une référence croisée
2025-05-04 15:40:05,655 - INFO - Bonne réponse!
2025-05-04 15:40:06,535 - INFO - Lecture de l'audio: assets/audio/une_arme.mp3
2025-05-04 15:40:09,471 - INFO - Lecture de l'audio: assets/audio/une_arme.mp3
2025-05-04 15:40:11,362 - INFO - User response: une arme
2025-05-04 15:40:11,362 - INFO - Correct response: une arme
2025-05-04 15:40:11,362 - INFO - Bonne réponse!
2025-05-04 15:40:12,246 - INFO - Lecture de l'audio: assets/audio/une_âme.mp3
2025-05-04 15:40:14,839 - INFO - Lecture de l'audio: assets/audio/une_âme.mp3
2025-05-04 15:40:15,258 - INFO - User response: une âme
2025-05-04 15:40:15,258 - INFO - Correct response: une âme
2025-05-04 15:40:15,258 - INFO - Bonne réponse!
2025-05-04 15:40:15,547 - INFO - Arrêt de la lecture audio.
2025-05-04 15:40:15,865 - INFO - Lecture de l'audio: assets/audio/se_venger_de_lui.mp3
2025-05-04 15:40:20,120 - INFO - Lecture de l'audio: assets/audio/se_venger_de_lui.mp3
2025-05-04 15:40:20,524 - INFO - User response: se venger de lui
2025-05-04 15:40:20,524 - INFO - Correct response: se venger de lui
2025-05-04 15:40:20,524 - INFO - Bonne réponse!
2025-05-04 15:40:20,745 - INFO - Arrêt de la lecture audio.
2025-05-04 15:40:21,069 - INFO - Lecture de l'audio: assets/audio/libre_pas_gratuit.mp3
2025-05-04 15:40:22,816 - INFO - Lecture de l'audio: assets/audio/libre_pas_gratuit.mp3
2025-05-04 15:40:26,666 - INFO - Lecture de l'audio: assets/audio/libre_pas_gratuit.mp3
2025-05-04 15:40:27,407 - INFO - User response: libre pas gratuit
2025-05-04 15:40:27,407 - INFO - Correct response: libre pas gratuit
2025-05-04 15:40:27,407 - INFO - Bonne réponse!
2025-05-04 15:40:27,949 - INFO - Arrêt de la lecture audio.
2025-05-04 22:53:49,974 - INFO - Lecture de l'audio: assets/audio/le_contrôle_collecti.mp3
2025-05-04 22:53:51,390 - INFO - Lecture de l'audio: assets/audio/le_contrôle_collecti.mp3
2025-05-04 22:53:52,837 - INFO - Lecture de l'audio: assets/audio/le_contrôle_collecti.mp3
2025-05-04 22:53:58,186 - INFO - Lecture de l'audio: assets/audio/le_contrôle_collecti.mp3
2025-05-04 22:54:05,640 - INFO - Lecture de l'audio: assets/audio/le_contrôle_collecti.mp3
2025-05-04 22:54:07,518 - INFO - User response: le contrôle collectif
2025-05-04 22:54:07,518 - INFO - Correct response: le contrôle collectif
2025-05-04 22:54:07,519 - INFO - Bonne réponse!
2025-05-04 22:54:08,478 - INFO - Lecture de l'audio: assets/audio/le_pouvoir_injuste.mp3
2025-05-04 22:54:09,954 - INFO - Lecture de l'audio: assets/audio/le_pouvoir_injuste.mp3
2025-05-04 22:54:15,842 - INFO - Lecture de l'audio: assets/audio/le_pouvoir_injuste.mp3
2025-05-04 22:54:17,199 - INFO - Lecture de l'audio: assets/audio/le_pouvoir_injuste.mp3
2025-05-04 22:54:18,249 - INFO - User response: le pouvoir injuste
2025-05-04 22:54:18,249 - INFO - Correct response: le pouvoir injuste
2025-05-04 22:54:18,250 - INFO - Bonne réponse!
2025-05-04 22:54:18,771 - INFO - Arrêt de la lecture audio.
2025-05-04 22:54:19,135 - INFO - Lecture de l'audio: assets/audio/il_s’agit_de_logicie.mp3
2025-05-04 22:54:33,560 - INFO - Lecture de l'audio: assets/audio/il_s’agit_de_logicie.mp3
2025-05-04 22:54:42,313 - INFO - Lecture de l'audio: assets/audio/il_s’agit_de_logicie.mp3
2025-05-04 22:54:50,036 - INFO - Lecture de l'audio: assets/audio/il_s’agit_de_logicie.mp3
2025-05-04 22:55:02,199 - INFO - Lecture de l'audio: assets/audio/il_s’agit_de_logicie.mp3
2025-05-04 22:55:11,616 - INFO - User response: il sagit de logiciels nonlibre et propriétaire dont nous devons nous débarasser
2025-05-04 22:55:11,617 - INFO - Correct response: il sagit de logiciels non libres et propriétaires dont nous devons nous débarrasser
2025-05-04 22:55:11,617 - WARNING - Mauvaise réponse!
2025-05-04 22:55:18,490 - INFO - Lecture de l'audio: assets/audio/empêcher.mp3
2025-05-04 22:55:22,597 - INFO - Lecture de l'audio: assets/audio/empêcher.mp3
2025-05-04 22:55:23,356 - INFO - User response: empêcher
2025-05-04 22:55:23,357 - INFO - Correct response: empêcher
2025-05-04 22:55:23,357 - INFO - Bonne réponse!
2025-05-04 22:55:24,392 - INFO - Lecture de l'audio: assets/audio/nuisible.mp3
2025-05-04 23:09:12,058 - INFO - Lecture de l'audio: assets/audio/nuisible.mp3
2025-05-04 23:09:14,987 - INFO - Lecture de l'audio: assets/audio/nuisible.mp3
2025-05-04 23:09:15,577 - INFO - User response: nuisible
2025-05-04 23:09:15,578 - INFO - Correct response: nuisible
2025-05-04 23:09:15,578 - INFO - Bonne réponse!
2025-05-04 23:09:16,043 - INFO - Arrêt de la lecture audio.
2025-05-04 23:09:16,538 - INFO - Lecture de l'audio: assets/audio/obliger.mp3
2025-05-04 23:09:18,859 - INFO - Lecture de l'audio: assets/audio/obliger.mp3
2025-05-04 23:09:19,454 - INFO - User response: obliger
2025-05-04 23:09:19,454 - INFO - Correct response: obliger
2025-05-04 23:09:19,455 - INFO - Bonne réponse!
2025-05-04 23:09:54,125 - INFO - Lecture de l'audio: assets/audio/ma_curiosité.mp3
2025-05-04 23:09:59,957 - INFO - Lecture de l'audio: assets/audio/ma_curiosité.mp3
2025-05-04 23:10:04,268 - INFO - Lecture de l'audio: assets/audio/ma_curiosité.mp3
2025-05-04 23:10:05,910 - INFO - User response: ma curiosité
2025-05-04 23:10:05,910 - INFO - Correct response: ma curiosité
2025-05-04 23:10:05,910 - INFO - Bonne réponse!
2025-05-04 23:10:06,982 - INFO - Lecture de l'audio: assets/audio/en_menaçant.mp3
2025-05-04 23:10:08,664 - INFO - Lecture de l'audio: assets/audio/en_menaçant.mp3
2025-05-04 23:10:15,167 - INFO - Lecture de l'audio: assets/audio/en_menaçant.mp3
2025-05-04 23:10:16,507 - INFO - User response: en menaçant
2025-05-04 23:10:16,507 - INFO - Correct response: en menaçant
2025-05-04 23:10:16,507 - INFO - Bonne réponse!
2025-05-04 23:10:17,315 - INFO - Lecture de l'audio: assets/audio/la_porte_dérobée_uni.mp3
2025-05-04 23:10:20,116 - INFO - Lecture de l'audio: assets/audio/la_porte_dérobée_uni.mp3
2025-05-04 23:10:26,889 - INFO - Lecture de l'audio: assets/audio/la_porte_dérobée_uni.mp3
2025-05-04 23:10:27,333 - INFO - User response: la porte dérobée universelle
2025-05-04 23:10:27,333 - INFO - Correct response: la porte dérobée universelle
2025-05-04 23:10:27,334 - INFO - Bonne réponse!
2025-05-04 23:10:27,795 - INFO - Arrêt de la lecture audio.
2025-05-04 23:10:28,204 - INFO - Lecture de l'audio: assets/audio/saboter.mp3
2025-05-04 23:10:31,348 - INFO - Lecture de l'audio: assets/audio/saboter.mp3
2025-05-04 23:10:32,596 - INFO - Lecture de l'audio: assets/audio/saboter.mp3
2025-05-04 23:10:33,674 - INFO - Lecture de l'audio: assets/audio/saboter.mp3
2025-05-04 23:10:37,338 - INFO - Lecture de l'audio: assets/audio/saboter.mp3
2025-05-04 23:10:38,138 - INFO - User response: saboter
2025-05-04 23:10:38,139 - INFO - Correct response: saboter
2025-05-04 23:10:38,139 - INFO - Bonne réponse!
2025-05-04 23:10:38,882 - INFO - Lecture de l'audio: assets/audio/son_frisson.mp3
2025-05-04 23:10:40,681 - INFO - Lecture de l'audio: assets/audio/son_frisson.mp3
2025-05-04 23:10:43,425 - INFO - Lecture de l'audio: assets/audio/son_frisson.mp3
2025-05-04 23:10:44,265 - INFO - User response: son frisson
2025-05-04 23:10:44,266 - INFO - Correct response: son frisson
2025-05-04 23:10:44,266 - INFO - Bonne réponse!
2025-05-04 23:11:31,772 - INFO - Lecture de l'audio: assets/audio/une_interprétation.mp3
2025-05-04 23:11:36,922 - INFO - Lecture de l'audio: assets/audio/une_interprétation.mp3
2025-05-04 23:11:38,384 - INFO - User response: une interprétation
2025-05-04 23:11:38,384 - INFO - Correct response: une interprétation
2025-05-04 23:11:38,384 - INFO - Bonne réponse!
2025-05-04 23:11:39,363 - INFO - Lecture de l'audio: assets/audio/un_paquet_de_pop-cor.mp3
2025-05-04 23:11:44,495 - INFO - Lecture de l'audio: assets/audio/un_paquet_de_pop-cor.mp3
2025-05-04 23:11:45,995 - INFO - User response: un paquet de popcorn
2025-05-04 23:11:45,995 - INFO - Correct response: un paquet de popcorn
2025-05-04 23:11:45,996 - INFO - Bonne réponse!
2025-05-04 23:11:46,911 - INFO - Lecture de l'audio: assets/audio/le_sabotage.mp3
2025-05-04 23:11:48,307 - INFO - Lecture de l'audio: assets/audio/le_sabotage.mp3
2025-05-04 23:11:49,702 - INFO - Lecture de l'audio: assets/audio/le_sabotage.mp3
2025-05-04 23:11:51,574 - INFO - Lecture de l'audio: assets/audio/le_sabotage.mp3
2025-05-04 23:11:52,832 - INFO - User response: le sabotage
2025-05-04 23:11:52,832 - INFO - Correct response: le sabotage
2025-05-04 23:11:52,832 - INFO - Bonne réponse!
2025-05-04 23:11:53,660 - INFO - Lecture de l'audio: assets/audio/détacher.mp3
2025-05-04 23:11:55,178 - INFO - Lecture de l'audio: assets/audio/détacher.mp3
2025-05-04 23:11:57,324 - INFO - Lecture de l'audio: assets/audio/détacher.mp3
2025-05-04 23:11:58,789 - INFO - Lecture de l'audio: assets/audio/détacher.mp3
2025-05-04 23:12:00,379 - INFO - User response: détacher
2025-05-04 23:12:00,379 - INFO - Correct response: détacher
2025-05-04 23:12:00,379 - INFO - Bonne réponse!
2025-05-04 23:12:01,565 - INFO - Lecture de l'audio: assets/audio/épingler.mp3
2025-05-04 23:12:06,108 - INFO - Lecture de l'audio: assets/audio/épingler.mp3
2025-05-04 23:12:08,801 - INFO - Lecture de l'audio: assets/audio/épingler.mp3
2025-05-04 23:12:09,584 - INFO - User response: épingler
2025-05-04 23:12:09,584 - INFO - Correct response: épingler
2025-05-04 23:12:09,584 - INFO - Bonne réponse!
2025-05-04 23:12:10,443 - INFO - Lecture de l'audio: assets/audio/un_aumônier.mp3
2025-05-04 23:12:11,949 - INFO - Lecture de l'audio: assets/audio/un_aumônier.mp3
2025-05-04 23:12:13,396 - INFO - Lecture de l'audio: assets/audio/un_aumônier.mp3
2025-05-04 23:12:15,720 - INFO - Lecture de l'audio: assets/audio/un_aumônier.mp3
2025-05-04 23:12:18,817 - INFO - Lecture de l'audio: assets/audio/un_aumônier.mp3
2025-05-04 23:12:30,811 - INFO - Lecture de l'audio: assets/audio/un_aumônier.mp3
2025-05-04 23:12:31,356 - INFO - User response: un nomonier
2025-05-04 23:12:31,356 - INFO - Correct response: un aumônier
2025-05-04 23:12:31,356 - WARNING - Mauvaise réponse!
2025-05-04 23:13:04,895 - INFO - Lecture de l'audio: assets/audio/les_bénévoles.mp3
2025-05-04 23:13:07,498 - INFO - Lecture de l'audio: assets/audio/les_bénévoles.mp3
2025-05-04 23:13:09,920 - INFO - Lecture de l'audio: assets/audio/les_bénévoles.mp3
2025-05-04 23:13:10,836 - INFO - User response: les bénévoles
2025-05-04 23:13:10,836 - INFO - Correct response: les bénévoles
2025-05-04 23:13:10,836 - INFO - Bonne réponse!
2025-05-04 23:13:16,484 - INFO - Lecture de l'audio: assets/audio/l’enthousiasme.mp3
2025-05-04 23:13:18,422 - INFO - Lecture de l'audio: assets/audio/l’enthousiasme.mp3
2025-05-04 23:13:20,922 - INFO - Lecture de l'audio: assets/audio/l’enthousiasme.mp3
2025-05-04 23:13:27,729 - INFO - Lecture de l'audio: assets/audio/l’enthousiasme.mp3
2025-05-04 23:13:29,812 - INFO - User response: lenthousiasme
2025-05-04 23:13:29,812 - INFO - Correct response: lenthousiasme
2025-05-04 23:13:29,813 - INFO - Bonne réponse!
2025-05-04 23:13:30,585 - INFO - Lecture de l'audio: assets/audio/dispersée.mp3
2025-05-04 23:13:33,146 - INFO - Lecture de l'audio: assets/audio/dispersée.mp3
2025-05-04 23:13:36,184 - INFO - User response: disperser
2025-05-04 23:13:36,184 - INFO - Correct response: dispersée
2025-05-04 23:13:36,184 - WARNING - Mauvaise réponse!
2025-05-04 23:13:38,960 - INFO - Lecture de l'audio: assets/audio/la_douceur.mp3
2025-05-04 23:15:16,121 - INFO - Lecture de l'audio: assets/audio/la_douceur.mp3
2025-05-04 23:15:19,070 - INFO - Lecture de l'audio: assets/audio/la_douceur.mp3
2025-05-04 23:15:19,799 - INFO - User response: la douceur
2025-05-04 23:15:19,800 - INFO - Correct response: la douceur
2025-05-04 23:15:19,800 - INFO - Bonne réponse!
2025-05-04 23:15:20,305 - INFO - Arrêt de la lecture audio.
2025-05-04 23:15:20,733 - INFO - Lecture de l'audio: assets/audio/intensifier.mp3
2025-05-04 23:15:24,949 - INFO - Lecture de l'audio: assets/audio/intensifier.mp3
2025-05-04 23:15:25,580 - INFO - User response: intensifier
2025-05-04 23:15:25,581 - INFO - Correct response: intensifier
2025-05-04 23:15:25,581 - INFO - Bonne réponse!
2025-05-04 23:15:26,017 - INFO - Arrêt de la lecture audio.
2025-05-04 23:30:04,056 - INFO - Lecture de l'audio: assets/audio/les_échanges_enrichi.mp3
2025-05-04 23:34:13,241 - INFO - Lecture de l'audio: assets/audio/les_échanges_enrichi.mp3
2025-05-04 23:34:18,335 - INFO - Lecture de l'audio: assets/audio/les_échanges_enrichi.mp3
2025-05-04 23:34:22,998 - INFO - Lecture de l'audio: assets/audio/les_échanges_enrichi.mp3
2025-05-04 23:34:25,295 - INFO - Lecture de l'audio: assets/audio/les_échanges_enrichi.mp3
2025-05-04 23:34:28,106 - INFO - Lecture de l'audio: assets/audio/les_échanges_enrichi.mp3
2025-05-04 23:34:29,875 - INFO - User response: les échanges enrichissant
2025-05-04 23:34:29,876 - INFO - Correct response: les échanges enrichissants
2025-05-04 23:34:29,876 - WARNING - Mauvaise réponse!
2025-05-04 23:34:31,760 - INFO - Lecture de l'audio: assets/audio/les_nouveaux_et_les_.mp3
2025-05-04 23:34:35,732 - INFO - Lecture de l'audio: assets/audio/les_nouveaux_et_les_.mp3
2025-05-04 23:34:40,611 - INFO - Lecture de l'audio: assets/audio/les_nouveaux_et_les_.mp3
2025-05-04 23:34:46,630 - INFO - User response: les nouveaux les habitués
2025-05-04 23:34:46,630 - INFO - Correct response: les nouveaux et les habitués
2025-05-04 23:34:46,630 - WARNING - Mauvaise réponse!
2025-05-04 23:34:51,862 - INFO - Lecture de l'audio: assets/audio/s’épanouir.mp3
2025-05-04 23:34:54,493 - INFO - Lecture de l'audio: assets/audio/s’épanouir.mp3
2025-05-04 23:34:56,026 - INFO - Lecture de l'audio: assets/audio/s’épanouir.mp3
2025-05-04 23:35:02,962 - INFO - Lecture de l'audio: assets/audio/s’épanouir.mp3
2025-05-04 23:35:03,805 - INFO - User response: sépanouir
2025-05-04 23:35:03,805 - INFO - Correct response: sépanouir
2025-05-04 23:35:03,805 - INFO - Bonne réponse!
2025-05-04 23:35:04,990 - INFO - Lecture de l'audio: assets/audio/néanmoins.mp3
2025-05-04 23:35:07,920 - INFO - Lecture de l'audio: assets/audio/néanmoins.mp3
2025-05-04 23:35:11,458 - INFO - User response: néanmoins
2025-05-04 23:35:11,458 - INFO - Correct response: néanmoins
2025-05-04 23:35:11,459 - INFO - Bonne réponse!
2025-05-04 23:35:12,329 - INFO - Lecture de l'audio: assets/audio/je_tiens_à_assurer.mp3
2025-05-04 23:35:35,732 - INFO - Lecture de l'audio: assets/audio/je_tiens_à_assurer.mp3
2025-05-04 23:35:38,022 - INFO - Lecture de l'audio: assets/audio/je_tiens_à_assurer.mp3
2025-05-04 23:35:40,057 - INFO - Lecture de l'audio: assets/audio/je_tiens_à_assurer.mp3
2025-05-04 23:35:44,428 - INFO - Lecture de l'audio: assets/audio/je_tiens_à_assurer.mp3
2025-05-04 23:35:45,042 - INFO - User response: je tiens assurer
2025-05-04 23:35:45,042 - INFO - Correct response: je tiens à assurer
2025-05-04 23:35:45,042 - WARNING - Mauvaise réponse!
2025-05-04 23:36:04,964 - INFO - Lecture de l'audio: assets/audio/je_ne_me_repose_pas_.mp3
2025-05-04 23:36:09,105 - INFO - Lecture de l'audio: assets/audio/je_ne_me_repose_pas_.mp3
2025-05-04 23:36:14,716 - INFO - User response: je ne me repose pas sur mes lauriers
2025-05-04 23:36:14,716 - INFO - Correct response: je ne me repose pas sur mes lauriers
2025-05-04 23:36:14,717 - INFO - Bonne réponse!
2025-05-05 00:17:55,189 - INFO - Lecture de l'audio: assets/audio/un_marguillier.mp3
2025-05-05 00:17:57,853 - INFO - Lecture de l'audio: assets/audio/un_marguillier.mp3
2025-05-05 00:18:02,559 - INFO - Lecture de l'audio: assets/audio/un_marguillier.mp3
2025-05-05 00:18:04,479 - INFO - User response: un magueiller
2025-05-05 00:18:04,480 - INFO - Correct response: un marguillier
2025-05-05 00:18:04,480 - WARNING - Mauvaise réponse!
2025-05-05 00:18:16,941 - INFO - Lecture de l'audio: assets/audio/une_marguillière.mp3
2025-05-05 00:18:25,152 - INFO - User response: une marguillier
2025-05-05 00:18:25,152 - INFO - Correct response: une marguillière
2025-05-05 00:18:25,152 - WARNING - Mauvaise réponse!
2025-05-05 00:18:28,423 - INFO - Lecture de l'audio: assets/audio/essayer_de_nouveau_d.mp3
2025-05-05 00:18:37,345 - INFO - Lecture de l'audio: assets/audio/essayer_de_nouveau_d.mp3
2025-05-05 00:18:43,948 - INFO - Lecture de l'audio: assets/audio/essayer_de_nouveau_d.mp3
2025-05-05 00:18:45,821 - INFO - User response: essayer de nouveau dans quelques instants
2025-05-05 00:18:45,821 - INFO - Correct response: essayer de nouveau dans quelques instants
2025-05-05 00:18:45,821 - INFO - Bonne réponse!
2025-05-05 00:18:46,465 - INFO - Arrêt de la lecture audio.
2025-05-05 01:13:16,371 - INFO - Lecture de l'audio: assets/audio/libre_pas_gratuit.mp3
2025-05-05 01:14:52,976 - INFO - Enregistrements sauvegardés dans saved_records.json
2025-05-05 01:14:52,976 - INFO - Fermeture de l'application.
2025-05-05 01:15:53,972 - INFO - Enregistrements sauvegardés dans /media/ron/Ronzz_Core/nextCloudSync/mindiverse-life/coucou/coucou/test.json
2025-05-05 01:17:41,334 - INFO - Enregistrements sauvegardés dans saved_records.json
2025-05-05 01:17:41,334 - INFO - Fermeture de l'application.
2025-05-05 01:17:56,580 - INFO - Enregistrements chargés depuis /media/ron/Ronzz_Core/nextCloudSync/mindiverse-life/coucou/coucou/test.json
2025-05-05 01:17:58,122 - INFO - Lecture de l'audio: assets/audio/épingler.mp3
2025-05-05 01:18:04,771 - INFO - Lecture de l'audio: assets/audio/épingler.mp3
2025-05-05 01:18:09,391 - INFO - Lecture de l'audio: assets/audio/épingler.mp3
2025-05-05 01:18:10,254 - INFO - User response: épingler
2025-05-05 01:18:10,255 - INFO - Correct response: épingler
2025-05-05 01:18:10,255 - INFO - Bonne réponse!
2025-05-05 01:18:11,229 - INFO - Enregistrements sauvegardés dans saved_records.json
2025-05-05 01:18:12,014 - INFO - Lecture de l'audio: assets/audio/un_aumônier.mp3
2025-05-05 01:18:16,442 - INFO - Lecture de l'audio: assets/audio/un_aumônier.mp3
2025-05-05 01:18:17,336 - INFO - User response: un aumônier
2025-05-05 01:18:17,336 - INFO - Correct response: un aumônier
2025-05-05 01:18:17,336 - INFO - Bonne réponse!
2025-05-05 01:18:17,972 - INFO - Enregistrements sauvegardés dans saved_records.json
2025-05-05 01:18:27,114 - INFO - Enregistrements sauvegardés dans /media/ron/Ronzz_Core/nextCloudSync/mindiverse-life/coucou/coucou/test.json
2025-05-05 01:18:31,170 - INFO - Enregistrements sauvegardés dans saved_records.json
2025-05-05 01:18:31,170 - INFO - Fermeture de l'application.
